<?xml version="1.0" encoding="UTF-8"?>
<!-- Generated by org.testng.reporters.JUnitXMLReporter -->
<testsuite ignored="0" hostname="Greens-11-PC" failures="1" tests="1" name="Test" time="0.027" errors="0" timestamp="24 Sep 2019 12:46:31 GMT">
  <testcase classname="org.test1.ParameterEntry" name="test1" time="0.0">
    <failure type="org.testng.TestNGException" message="
Cannot inject @Test annotated Method [test1] with [class java.lang.String, class java.lang.String].
For more information on native dependency injection please refer to http://testng.org/doc/documentation-main.html#native-dependency-injection">
      <![CDATA[org.testng.TestNGException: 
Cannot inject @Test annotated Method [test1] with [class java.lang.String, class java.lang.String].
For more information on native dependency injection please refer to http://testng.org/doc/documentation-main.html#native-dependency-injection
... Removed 24 stack frames]]>
    </failure>
  </testcase> <!-- test1 -->
</testsuite> <!-- Test -->
